<?xml version="1.0" encoding="UTF-8"?>
<testng-results ignored="0" total="1" passed="1" failed="0" skipped="0">
  <reporter-output>
  </reporter-output>
  <suite started-at="2022-03-03T19:00:55 CET" name="Default suite" finished-at="2022-03-03T19:02:52 CET" duration-ms="116783">
    <groups>
    </groups>
    <test started-at="2022-03-03T19:00:55 CET" name="Default test" finished-at="2022-03-03T19:02:52 CET" duration-ms="116783">
      <class name="TC005_ValidateMillionStoriesAndExploreNewModels">
        <test-method signature="f()[pri:0, instance:TC005_ValidateMillionStoriesAndExploreNewModels@6f96c77]" started-at="2022-03-03T19:00:55 CET" name="f" finished-at="2022-03-03T19:02:52 CET" duration-ms="116697" status="PASS">
          <reporter-output>
          </reporter-output>
        </test-method> <!-- f -->
      </class> <!-- TC005_ValidateMillionStoriesAndExploreNewModels -->
    </test> <!-- Default test -->
  </suite> <!-- Default suite -->
</testng-results>
